g:\build2\mcpeserver\debug\vc141.pdb
g:\build2\mcpeserver\debug\vc141.idb
g:\build2\mcpeserver\debug\stringtable.obj
g:\build2\mcpeserver\debug\superfasthash.obj
g:\build2\mcpeserver\debug\tableserializer.obj
g:\build2\mcpeserver\debug\tcpinterface.obj
g:\build2\mcpeserver\debug\teambalancer.obj
g:\build2\mcpeserver\debug\teammanager.obj
g:\build2\mcpeserver\debug\telnettransport.obj
g:\build2\mcpeserver\debug\threadsafepacketlogger.obj
g:\build2\mcpeserver\debug\twowayauthentication.obj
g:\build2\mcpeserver\debug\udpforwarder.obj
g:\build2\mcpeserver\debug\udpproxyclient.obj
g:\build2\mcpeserver\debug\udpproxycoordinator.obj
g:\build2\mcpeserver\debug\udpproxyserver.obj
g:\build2\mcpeserver\debug\variabledeltaserializer.obj
g:\build2\mcpeserver\debug\variablelistdeltatracker.obj
g:\build2\mcpeserver\debug\variadicsqlparser.obj
g:\build2\mcpeserver\debug\vitaincludes.obj
g:\build2\mcpeserver\debug\wsastartupsingleton.obj
g:\build2\mcpeserver\debug\_findfirst.obj
g:\build2\mcpeserver\debug\main.obj
g:\build2\mcpeserver\debug\rakpeer.obj
g:\build2\mcpeserver\debug\raksleep.obj
g:\build2\mcpeserver\debug\rakstring.obj
g:\build2\mcpeserver\debug\rakthread.obj
g:\build2\mcpeserver\debug\rakwstring.obj
g:\build2\mcpeserver\debug\rand.obj
g:\build2\mcpeserver\debug\randsync.obj
g:\build2\mcpeserver\debug\readyevent.obj
g:\build2\mcpeserver\debug\relayplugin.obj
g:\build2\mcpeserver\debug\reliabilitylayer.obj
g:\build2\mcpeserver\debug\replicamanager3.obj
g:\build2\mcpeserver\debug\router2.obj
g:\build2\mcpeserver\debug\rpc4plugin.obj
g:\build2\mcpeserver\debug\securehandshake.obj
g:\build2\mcpeserver\debug\sendtothread.obj
g:\build2\mcpeserver\debug\signaledevent.obj
g:\build2\mcpeserver\debug\simplemutex.obj
g:\build2\mcpeserver\debug\socketlayer.obj
g:\build2\mcpeserver\debug\statisticshistory.obj
g:\build2\mcpeserver\debug\stringcompressor.obj
g:\build2\mcpeserver\debug\plugininterface2.obj
g:\build2\mcpeserver\debug\ps4includes.obj
g:\build2\mcpeserver\debug\rackspace.obj
g:\build2\mcpeserver\debug\rakmemoryoverride.obj
g:\build2\mcpeserver\debug\raknetcommandparser.obj
g:\build2\mcpeserver\debug\raknetsocket.obj
g:\build2\mcpeserver\debug\raknetsocket2.obj
g:\build2\mcpeserver\debug\raknetsocket2_360_720.obj
g:\build2\mcpeserver\debug\raknetsocket2_berkley.obj
g:\build2\mcpeserver\debug\raknetsocket2_berkley_nativeclient.obj
g:\build2\mcpeserver\debug\raknetsocket2_nativeclient.obj
g:\build2\mcpeserver\debug\raknetsocket2_ps3_ps4.obj
g:\build2\mcpeserver\debug\raknetsocket2_ps4.obj
g:\build2\mcpeserver\debug\raknetsocket2_vita.obj
g:\build2\mcpeserver\debug\raknetsocket2_windowsstore8.obj
g:\build2\mcpeserver\debug\raknetsocket2_windows_linux.obj
g:\build2\mcpeserver\debug\raknetsocket2_windows_linux_360.obj
g:\build2\mcpeserver\debug\raknetstatistics.obj
g:\build2\mcpeserver\debug\raknettransport2.obj
g:\build2\mcpeserver\debug\raknettypes.obj
g:\build2\mcpeserver\debug\httpconnection.obj
g:\build2\mcpeserver\debug\httpconnection2.obj
g:\build2\mcpeserver\debug\incrementalreadinterface.obj
g:\build2\mcpeserver\debug\itoa.obj
g:\build2\mcpeserver\debug\linuxstrings.obj
g:\build2\mcpeserver\debug\locklesstypes.obj
g:\build2\mcpeserver\debug\logcommandparser.obj
g:\build2\mcpeserver\debug\messagefilter.obj
g:\build2\mcpeserver\debug\natpunchthroughclient.obj
g:\build2\mcpeserver\debug\natpunchthroughserver.obj
g:\build2\mcpeserver\debug\nattypedetectionclient.obj
g:\build2\mcpeserver\debug\nattypedetectioncommon.obj
g:\build2\mcpeserver\debug\nattypedetectionserver.obj
g:\build2\mcpeserver\debug\networkidmanager.obj
g:\build2\mcpeserver\debug\networkidobject.obj
g:\build2\mcpeserver\debug\packetconsolelogger.obj
g:\build2\mcpeserver\debug\packetfilelogger.obj
g:\build2\mcpeserver\debug\packetizedtcp.obj
g:\build2\mcpeserver\debug\packetlogger.obj
g:\build2\mcpeserver\debug\packetoutputwindowlogger.obj
g:\build2\mcpeserver\debug\datacompressor.obj
g:\build2\mcpeserver\debug\directorydeltatransfer.obj
g:\build2\mcpeserver\debug\dr_sha1.obj
g:\build2\mcpeserver\debug\ds_bytepool.obj
g:\build2\mcpeserver\debug\ds_bytequeue.obj
g:\build2\mcpeserver\debug\ds_huffmanencodingtree.obj
g:\build2\mcpeserver\debug\ds_table.obj
g:\build2\mcpeserver\debug\dyndns.obj
g:\build2\mcpeserver\debug\emailsender.obj
g:\build2\mcpeserver\debug\epochtimetostring.obj
g:\build2\mcpeserver\debug\filelist.obj
g:\build2\mcpeserver\debug\filelisttransfer.obj
g:\build2\mcpeserver\debug\fileoperations.obj
g:\build2\mcpeserver\debug\formatstring.obj
g:\build2\mcpeserver\debug\fullyconnectedmesh2.obj
g:\build2\mcpeserver\debug\getche.obj
g:\build2\mcpeserver\debug\gets.obj
g:\build2\mcpeserver\debug\gettime.obj
g:\build2\mcpeserver\debug\gettimeofday.obj
g:\build2\mcpeserver\debug\gridsectorizer.obj
g:\build2\mcpeserver\debug\base64encoder.obj
g:\build2\mcpeserver\debug\bitstream.obj
g:\build2\mcpeserver\debug\ccraknetslidingwindow.obj
g:\build2\mcpeserver\debug\ccraknetudt.obj
g:\build2\mcpeserver\debug\checksum.obj
g:\build2\mcpeserver\debug\cloudclient.obj
g:\build2\mcpeserver\debug\cloudcommon.obj
g:\build2\mcpeserver\debug\cloudserver.obj
g:\build2\mcpeserver\debug\commandparserinterface.obj
g:\build2\mcpeserver\debug\connectiongraph2.obj
g:\build2\mcpeserver\debug\consoleserver.obj
g:\build2\debug\mcpeserver.ilk
g:\build2\debug\mcpeserver.exe
g:\build2\debug\mcpeserver.pdb
g:\build2\mcpeserver\debug\mcpeserver.tlog\cl.command.1.tlog
g:\build2\mcpeserver\debug\mcpeserver.tlog\cl.read.1.tlog
g:\build2\mcpeserver\debug\mcpeserver.tlog\cl.write.1.tlog
g:\build2\mcpeserver\debug\mcpeserver.tlog\link.command.1.tlog
g:\build2\mcpeserver\debug\mcpeserver.tlog\link.read.1.tlog
g:\build2\mcpeserver\debug\mcpeserver.tlog\link.write.1.tlog
