g:\mc-pe-server\debug\obj\vc141.pdb
g:\mc-pe-server\debug\obj\vc141.idb
g:\mc-pe-server\debug\obj\superfasthash.obj
g:\mc-pe-server\debug\obj\tableserializer.obj
g:\mc-pe-server\debug\obj\tcpinterface.obj
g:\mc-pe-server\debug\obj\teambalancer.obj
g:\mc-pe-server\debug\obj\teammanager.obj
g:\mc-pe-server\debug\obj\telnettransport.obj
g:\mc-pe-server\debug\obj\threadsafepacketlogger.obj
g:\mc-pe-server\debug\obj\twowayauthentication.obj
g:\mc-pe-server\debug\obj\udpforwarder.obj
g:\mc-pe-server\debug\obj\udpproxyclient.obj
g:\mc-pe-server\debug\obj\udpproxycoordinator.obj
g:\mc-pe-server\debug\obj\udpproxyserver.obj
g:\mc-pe-server\debug\obj\variabledeltaserializer.obj
g:\mc-pe-server\debug\obj\variablelistdeltatracker.obj
g:\mc-pe-server\debug\obj\variadicsqlparser.obj
g:\mc-pe-server\debug\obj\vitaincludes.obj
g:\mc-pe-server\debug\obj\wsastartupsingleton.obj
g:\mc-pe-server\debug\obj\_findfirst.obj
g:\mc-pe-server\debug\obj\configmanager.obj
g:\mc-pe-server\debug\obj\main.obj
g:\mc-pe-server\debug\obj\raksleep.obj
g:\mc-pe-server\debug\obj\rakstring.obj
g:\mc-pe-server\debug\obj\rakthread.obj
g:\mc-pe-server\debug\obj\rakwstring.obj
g:\mc-pe-server\debug\obj\rand.obj
g:\mc-pe-server\debug\obj\randsync.obj
g:\mc-pe-server\debug\obj\readyevent.obj
g:\mc-pe-server\debug\obj\relayplugin.obj
g:\mc-pe-server\debug\obj\reliabilitylayer.obj
g:\mc-pe-server\debug\obj\replicamanager3.obj
g:\mc-pe-server\debug\obj\router2.obj
g:\mc-pe-server\debug\obj\rpc4plugin.obj
g:\mc-pe-server\debug\obj\securehandshake.obj
g:\mc-pe-server\debug\obj\sendtothread.obj
g:\mc-pe-server\debug\obj\signaledevent.obj
g:\mc-pe-server\debug\obj\simplemutex.obj
g:\mc-pe-server\debug\obj\socketlayer.obj
g:\mc-pe-server\debug\obj\statisticshistory.obj
g:\mc-pe-server\debug\obj\stringcompressor.obj
g:\mc-pe-server\debug\obj\stringtable.obj
g:\mc-pe-server\debug\obj\ps4includes.obj
g:\mc-pe-server\debug\obj\rackspace.obj
g:\mc-pe-server\debug\obj\rakmemoryoverride.obj
g:\mc-pe-server\debug\obj\raknetcommandparser.obj
g:\mc-pe-server\debug\obj\raknetsocket.obj
g:\mc-pe-server\debug\obj\raknetsocket2.obj
g:\mc-pe-server\debug\obj\raknetsocket2_360_720.obj
g:\mc-pe-server\debug\obj\raknetsocket2_berkley.obj
g:\mc-pe-server\debug\obj\raknetsocket2_berkley_nativeclient.obj
g:\mc-pe-server\debug\obj\raknetsocket2_nativeclient.obj
g:\mc-pe-server\debug\obj\raknetsocket2_ps3_ps4.obj
g:\mc-pe-server\debug\obj\raknetsocket2_ps4.obj
g:\mc-pe-server\debug\obj\raknetsocket2_vita.obj
g:\mc-pe-server\debug\obj\raknetsocket2_windowsstore8.obj
g:\mc-pe-server\debug\obj\raknetsocket2_windows_linux.obj
g:\mc-pe-server\debug\obj\raknetsocket2_windows_linux_360.obj
g:\mc-pe-server\debug\obj\raknetstatistics.obj
g:\mc-pe-server\debug\obj\raknettransport2.obj
g:\mc-pe-server\debug\obj\raknettypes.obj
g:\mc-pe-server\debug\obj\rakpeer.obj
g:\mc-pe-server\debug\obj\httpconnection2.obj
g:\mc-pe-server\debug\obj\incrementalreadinterface.obj
g:\mc-pe-server\debug\obj\itoa.obj
g:\mc-pe-server\debug\obj\linuxstrings.obj
g:\mc-pe-server\debug\obj\locklesstypes.obj
g:\mc-pe-server\debug\obj\logcommandparser.obj
g:\mc-pe-server\debug\obj\messagefilter.obj
g:\mc-pe-server\debug\obj\natpunchthroughclient.obj
g:\mc-pe-server\debug\obj\natpunchthroughserver.obj
g:\mc-pe-server\debug\obj\nattypedetectionclient.obj
g:\mc-pe-server\debug\obj\nattypedetectioncommon.obj
g:\mc-pe-server\debug\obj\nattypedetectionserver.obj
g:\mc-pe-server\debug\obj\networkidmanager.obj
g:\mc-pe-server\debug\obj\networkidobject.obj
g:\mc-pe-server\debug\obj\packetconsolelogger.obj
g:\mc-pe-server\debug\obj\packetfilelogger.obj
g:\mc-pe-server\debug\obj\packetizedtcp.obj
g:\mc-pe-server\debug\obj\packetlogger.obj
g:\mc-pe-server\debug\obj\packetoutputwindowlogger.obj
g:\mc-pe-server\debug\obj\plugininterface2.obj
g:\mc-pe-server\debug\obj\directorydeltatransfer.obj
g:\mc-pe-server\debug\obj\dr_sha1.obj
g:\mc-pe-server\debug\obj\ds_bytepool.obj
g:\mc-pe-server\debug\obj\ds_bytequeue.obj
g:\mc-pe-server\debug\obj\ds_huffmanencodingtree.obj
g:\mc-pe-server\debug\obj\ds_table.obj
g:\mc-pe-server\debug\obj\dyndns.obj
g:\mc-pe-server\debug\obj\emailsender.obj
g:\mc-pe-server\debug\obj\epochtimetostring.obj
g:\mc-pe-server\debug\obj\filelist.obj
g:\mc-pe-server\debug\obj\filelisttransfer.obj
g:\mc-pe-server\debug\obj\fileoperations.obj
g:\mc-pe-server\debug\obj\formatstring.obj
g:\mc-pe-server\debug\obj\fullyconnectedmesh2.obj
g:\mc-pe-server\debug\obj\getche.obj
g:\mc-pe-server\debug\obj\gets.obj
g:\mc-pe-server\debug\obj\gettime.obj
g:\mc-pe-server\debug\obj\gettimeofday.obj
g:\mc-pe-server\debug\obj\gridsectorizer.obj
g:\mc-pe-server\debug\obj\httpconnection.obj
g:\mc-pe-server\debug\obj\base64encoder.obj
g:\mc-pe-server\debug\obj\bitstream.obj
g:\mc-pe-server\debug\obj\ccraknetslidingwindow.obj
g:\mc-pe-server\debug\obj\ccraknetudt.obj
g:\mc-pe-server\debug\obj\checksum.obj
g:\mc-pe-server\debug\obj\cloudclient.obj
g:\mc-pe-server\debug\obj\cloudcommon.obj
g:\mc-pe-server\debug\obj\cloudserver.obj
g:\mc-pe-server\debug\obj\commandparserinterface.obj
g:\mc-pe-server\debug\obj\connectiongraph2.obj
g:\mc-pe-server\debug\obj\consoleserver.obj
g:\mc-pe-server\debug\obj\datacompressor.obj
g:\mc-pe-server\debug\obj\util.obj
g:\mc-pe-server\debug\obj\logger.obj
g:\mc-pe-server\debug\mcpeserver.ilk
g:\mc-pe-server\debug\mcpeserver.exe
g:\mc-pe-server\debug\mcpeserver.pdb
g:\mc-pe-server\debug\obj\configmanager.obj.enc
g:\mc-pe-server\debug\obj\logger.obj.enc
g:\mc-pe-server\debug\obj\main.obj.enc
g:\mc-pe-server\debug\obj\mcpeserver.tlog\cl.command.1.tlog
g:\mc-pe-server\debug\obj\mcpeserver.tlog\cl.read.1.tlog
g:\mc-pe-server\debug\obj\mcpeserver.tlog\cl.write.1.tlog
g:\mc-pe-server\debug\obj\mcpeserver.tlog\link.command.1.tlog
g:\mc-pe-server\debug\obj\mcpeserver.tlog\link.read.1.tlog
g:\mc-pe-server\debug\obj\mcpeserver.tlog\link.write.1.tlog
